Starting new scan...
Executing: nohup /opt/homebrew/bin/python3.10 '/Applications/XAMPP/xamppfiles/htdocs/greyhound-admin-2025/yolo_ai.py' > '/Applications/XAMPP/xamppfiles/htdocs/greyhound-admin-2025/scan_progress.log' 2> '/Applications/XAMPP/xamppfiles/htdocs/greyhound-admin-2025/scan_error.log' & echo $!
Scan started with PID: 3385
Start Scan Request
Process Started with PID: 4252
Start Scan Request
Process Started with PID: 5925
Start Scan Request
Process Started with PID: 6199
Start Scan Request
Process Started with PID: 6853
Start Scan Request
Process Started with PID: 6890
Start Scan Request
Process Started with PID: 6979
Start Scan Request
Process Started with PID: 7025
Start Scan Request
Process Started with PID: 7559
Start Scan Request
Process Started with PID: 8996
